SF:lib\src\models\auth_response.g.dart
DA:9,2
DA:10,1
DA:11,1
DA:14,0
DA:15,0
DA:16,0
DA:17,0
LF:7
LH:3
end_of_record
SF:lib\src\models\auth_response.dart
DA:10,1
DA:12,2
DA:14,0
LF:3
LH:2
end_of_record
SF:lib\src\models\user.dart
DA:11,2
DA:29,2
DA:33,4
DA:35,0
LF:4
LH:3
end_of_record
SF:lib\src\models\user.g.dart
DA:9,4
DA:10,2
DA:11,2
DA:12,2
DA:13,2
DA:14,2
DA:15,4
DA:18,0
DA:19,0
DA:20,0
DA:21,0
DA:22,0
DA:23,0
DA:24,0
LF:14
LH:7
end_of_record
SF:lib\src\user_api_client.dart
DA:21,1
DA:22,1
DA:28,1
DA:29,1
DA:31,1
DA:32,3
DA:34,0
DA:35,0
DA:38,0
DA:40,0
DA:41,0
DA:44,0
DA:48,1
DA:49,2
DA:50,3
DA:52,2
DA:53,1
DA:55,2
DA:57,2
LF:19
LH:13
end_of_record
